Script started on 2025-10-12 09:20:47-04:00 [COMMAND="bash -ic --wordlist=/home/kali/Downloads/rockyou.txt" TERM="xterm-256color" TTY="/dev/pts/9" COLUMNS="236" LINES="59"]
bash: --: invalid option
Usage:	bash [GNU long option] [option] ...
	bash [GNU long option] [option] script-file ...
GNU long options:
	--debug
	--debugger
	--dump-po-strings
	--dump-strings
	--help
	--init-file
	--login
	--noediting
	--noprofile
	--norc
	--posix
	--pretty-print
	--rcfile
	--restricted
	--verbose
	--version
Shell options:
	-ilrsD or -c command or -O shopt_option		(invocation only)
	-abefhkmnptuvxBCEHPT or -o option

Script done on 2025-10-12 09:20:47-04:00 [COMMAND_EXIT_CODE="2"]
